[    0.000000] Linux version 4.15.0-206-generic (buildd@lcy02-amd64-070) (gcc version 7.5.0 (Ubuntu 7.5.0-3ubuntu1~18.04)) #217-Ubuntu SMP Fri Feb 3 19:10:13 UTC 2023 (Ubuntu 4.15.0-206.217-generic 4.15.18)
[    0.000000] Command line: BOOT_IMAGE=/boot/vmlinuz-4.15.0-206-generic root=LABEL=cloudimg-rootfs ro console=tty1 console=ttyS0
[    0.000000] KERNEL supported cpus:
[    0.000000]   Intel GenuineIntel
[    0.000000]   AMD AuthenticAMD
[    0.000000]   Centaur CentaurHauls
[    0.000000] [Firmware Bug]: TSC doesn't count with P0 frequency!
[    0.000000] x86/fpu: x87 FPU will use FXSAVE
[    0.000000] e820: BIOS-provided physical RAM map:
[    0.000000] BIOS-e820: [mem 0x0000000000000000-0x000000000009fbff] usable
[    0.000000] BIOS-e820: [mem 0x000000000009fc00-0x000000000009ffff] reserved
[    0.000000] BIOS-e820: [mem 0x00000000000f0000-0x00000000000fffff] reserved
[    0.000000] BIOS-e820: [mem 0x0000000000100000-0x000000007ffeffff] usable
[    0.000000] BIOS-e820: [mem 0x000000007fff0000-0x000000007fffffff] ACPI data
[    0.000000] BIOS-e820: [mem 0x00000000fec00000-0x00000000fec00fff] reserved
[    0.000000] BIOS-e820: [mem 0x00000000fee00000-0x00000000fee00fff] reserved
[    0.000000] BIOS-e820: [mem 0x00000000fffc0000-0x00000000ffffffff] reserved
[    0.000000] NX (Execute Disable) protection: active
[    0.000000] SMBIOS 2.5 present.
[    0.000000] DMI: innotek GmbH VirtualBox/VirtualBox, BIOS VirtualBox 12/01/2006
[    0.000000] Hypervisor detected: KVM
[    0.000000] e820: last_pfn = 0x7fff0 max_arch_pfn = 0x400000000
[    0.000000] MTRR: Disabled
[    0.000000] x86/PAT: MTRRs disabled, skipping PAT initialization too.
[    0.000000] CPU MTRRs all blank - virtualized system.
[    0.000000] x86/PAT: Configuration [0-7]: WB  WT  UC- UC  WB  WT  UC- UC  
[    0.000000] found SMP MP-table at [mem 0x0009fff0-0x0009ffff]
[    0.000000] Scanning 1 areas for low memory corruption
[    0.000000] RAMDISK: [mem 0x359c9000-0x36cdbfff]
[    0.000000] ACPI: Early table checksum verification disabled
[    0.000000] ACPI: RSDP 0x00000000000E0000 000024 (v02 VBOX  )
[    0.000000] ACPI: XSDT 0x000000007FFF0030 00003C (v01 VBOX   VBOXXSDT 00000001 ASL  00000061)
[    0.000000] ACPI: FACP 0x000000007FFF00F0 0000F4 (v04 VBOX   VBOXFACP 00000001 ASL  00000061)
[    0.000000] ACPI: DSDT 0x000000007FFF0610 002353 (v02 VBOX   VBOXBIOS 00000002 INTL 20100528)
[    0.000000] ACPI: FACS 0x000000007FFF0200 000040
[    0.000000] ACPI: FACS 0x000000007FFF0200 000040
[    0.000000] ACPI: APIC 0x000000007FFF0240 00005C (v02 VBOX   VBOXAPIC 00000001 ASL  00000061)
[    0.000000] ACPI: SSDT 0x000000007FFF02A0 00036C (v01 VBOX   VBOXCPUT 00000002 INTL 20100528)
[    0.000000] ACPI: Reserving FACP table memory at [mem 0x7fff00f0-0x7fff01e3]
[    0.000000] ACPI: Reserving DSDT table memory at [mem 0x7fff0610-0x7fff2962]
[    0.000000] ACPI: Reserving FACS table memory at [mem 0x7fff0200-0x7fff023f]
[    0.000000] ACPI: Reserving FACS table memory at [mem 0x7fff0200-0x7fff023f]
[    0.000000] ACPI: Reserving APIC table memory at [mem 0x7fff0240-0x7fff029b]
[    0.000000] ACPI: Reserving SSDT table memory at [mem 0x7fff02a0-0x7fff060b]
[    0.000000] No NUMA configuration found
[    0.000000] Faking a node at [mem 0x0000000000000000-0x000000007ffeffff]
[    0.000000] NODE_DATA(0) allocated [mem 0x7ffc5000-0x7ffeffff]
[    0.000000] kvm-clock: cpu 0, msr 0:7ff44001, primary cpu clock
[    0.000000] kvm-clock: Using msrs 4b564d01 and 4b564d00
[    0.000000] kvm-clock: using sched offset of 3819478745 cycles
[    0.000000] clocksource: kvm-clock: mask: 0xffffffffffffffff max_cycles: 0x1cd42e4dffb, max_idle_ns: 881590591483 ns
[    0.000000] Zone ranges:
[    0.000000]   DMA      [mem 0x0000000000001000-0x0000000000ffffff]
[    0.000000]   DMA32    [mem 0x0000000001000000-0x000000007ffeffff]
[    0.000000]   Normal   empty
[    0.000000]   Device   empty
[    0.000000] Movable zone start for each node
[    0.000000] Early memory node ranges
[    0.000000]   node   0: [mem 0x0000000000001000-0x000000000009efff]
[    0.000000]   node   0: [mem 0x0000000000100000-0x000000007ffeffff]
[    0.000000] Reserved but unavailable: 104 pages
[    0.000000] Initmem setup node 0 [mem 0x0000000000001000-0x000000007ffeffff]
[    0.000000] ACPI: PM-Timer IO Port: 0x4008
[    0.000000] IOAPIC[0]: apic_id 2, version 32, address 0xfec00000, GSI 0-23
[    0.000000] ACPI: INT_SRC_OVR (bus 0 bus_irq 0 global_irq 2 dfl dfl)
[    0.000000] ACPI: INT_SRC_OVR (bus 0 bus_irq 9 global_irq 9 low level)
[    0.000000] Using ACPI (MADT) for SMP configuration information
[    0.000000] smpboot: Allowing 2 CPUs, 0 hotplug CPUs
[    0.000000] PM: Registered nosave memory: [mem 0x00000000-0x00000fff]
[    0.000000] PM: Registered nosave memory: [mem 0x0009f000-0x0009ffff]
[    0.000000] PM: Registered nosave memory: [mem 0x000a0000-0x000effff]
[    0.000000] PM: Registered nosave memory: [mem 0x000f0000-0x000fffff]
[    0.000000] e820: [mem 0x80000000-0xfebfffff] available for PCI devices
[    0.000000] Booting paravirtualized kernel on KVM
[    0.000000] clocksource: refined-jiffies: mask: 0xffffffff max_cycles: 0xffffffff, max_idle_ns: 7645519600211568 ns
[    0.000000] setup_percpu: NR_CPUS:8192 nr_cpumask_bits:2 nr_cpu_ids:2 nr_node_ids:1
[    0.000000] percpu: Embedded 50 pages/cpu s167936 r8192 d28672 u1048576
[    0.000000] PV qspinlock hash table entries: 256 (order: 0, 4096 bytes)
[    0.000000] Built 1 zonelists, mobility grouping on.  Total pages: 515961
[    0.000000] Policy zone: DMA32
[    0.000000] Kernel command line: BOOT_IMAGE=/boot/vmlinuz-4.15.0-206-generic root=LABEL=cloudimg-rootfs ro console=tty1 console=ttyS0
[    0.000000] Memory: 2014832K/2096696K available (12300K kernel code, 2477K rwdata, 4324K rodata, 2480K init, 2720K bss, 81864K reserved, 0K cma-reserved)
[    0.000000] SLUB: HWalign=64, Order=0-3, MinObjects=0, CPUs=2, Nodes=1
[    0.000000] ftrace: allocating 39485 entries in 155 pages
[    0.004000] Hierarchical RCU implementation.
[    0.004000] 	RCU restricting CPUs from NR_CPUS=8192 to nr_cpu_ids=2.
[    0.004000] 	Tasks RCU enabled.
[    0.004000] RCU: Adjusting geometry for rcu_fanout_leaf=16, nr_cpu_ids=2
[    0.004000] NR_IRQS: 524544, nr_irqs: 440, preallocated irqs: 16
[    0.004000] random: crng init done
[    0.004000] Console: colour VGA+ 80x25
[    0.004000] console [tty1] enabled
[    0.004000] console [ttyS0] enabled
[    0.004000] ACPI: Core revision 20170831
[    0.004000] ACPI: 2 ACPI AML tables successfully acquired and loaded
[    0.004000] APIC: Switch to symmetric I/O mode setup
[    0.004000] ..TIMER: vector=0x30 apic1=0 pin1=2 apic2=-1 pin2=-1
[    0.004000] tsc: Detected 3693.064 MHz processor
[    0.004000] Calibrating delay loop (skipped) preset value.. 7386.12 BogoMIPS (lpj=14772256)
[    0.004000] pid_max: default: 32768 minimum: 301
[    0.004000] Security Framework initialized
[    0.004000] Yama: becoming mindful.
[    0.004000] AppArmor: AppArmor initialized
[    0.004000] Dentry cache hash table entries: 262144 (order: 9, 2097152 bytes)
[    0.004000] Inode-cache hash table entries: 131072 (order: 8, 1048576 bytes)
[    0.004000] Mount-cache hash table entries: 4096 (order: 3, 32768 bytes)
[    0.004000] Mountpoint-cache hash table entries: 4096 (order: 3, 32768 bytes)
[    0.004000] Last level iTLB entries: 4KB 512, 2MB 512, 4MB 256
[    0.004000] Last level dTLB entries: 4KB 2048, 2MB 2048, 4MB 1024, 1GB 0
[    0.004000] Spectre V1 : Mitigation: usercopy/swapgs barriers and __user pointer sanitization
[    0.004000] Spectre V2 : Mitigation: Retpolines
[    0.004004] Spectre V2 : Spectre v2 / SpectreRSB mitigation: Filling RSB on context switch
[    0.008003] Spectre V2 : Spectre v2 / SpectreRSB : Filling RSB on VMEXIT
[    0.012155] Freeing SMP alternatives memory: 36K
[    0.150936] APIC calibration not consistent with PM-Timer: 127ms instead of 100ms
[    0.152000] APIC delta adjusted to PM-Timer: 6396565 (8136887)
[    0.152212] smpboot: CPU0: AMD Ryzen 5 5600X 6-Core Processor (family: 0x19, model: 0x21, stepping: 0x0)
[    0.156234] Performance Events: PMU not available due to virtualization, using software events only.
[    0.160069] Hierarchical SRCU implementation.
[    0.162874] NMI watchdog: Perf event create on CPU 0 failed with -2
[    0.164002] NMI watchdog: Perf NMI watchdog permanently disabled
[    0.168162] smp: Bringing up secondary CPUs ...
[    0.170670] x86: Booting SMP configuration:
[    0.172002] .... node  #0, CPUs:      #1
[    0.004000] kvm-clock: cpu 1, msr 0:7ff44041, secondary cpu clock
[    0.178964] TSC synchronization [CPU#0 -> CPU#1]:
[    0.180000] Measured 68894 cycles TSC warp between CPUs, turning off TSC clock.
[    0.180000] tsc: Marking TSC unstable due to check_tsc_sync_source failed
[    0.180053] smp: Brought up 1 node, 2 CPUs
[    0.184003] smpboot: Max logical packages: 1
[    0.185785] smpboot: Total of 2 processors activated (14772.25 BogoMIPS)
[    0.188274] devtmpfs: initialized
[    0.188274] x86/mm: Memory block size: 128MB
[    0.190411] evm: security.selinux
[    0.192002] evm: security.SMACK64
[    0.193750] evm: security.SMACK64EXEC
[    0.196002] evm: security.SMACK64TRANSMUTE
[    0.197875] evm: security.SMACK64MMAP
[    0.200002] evm: security.apparmor
[    0.201524] evm: security.ima
[    0.204001] evm: security.capability
[    0.208328] clocksource: jiffies: mask: 0xffffffff max_cycles: 0xffffffff, max_idle_ns: 7645041785100000 ns
[    0.211860] futex hash table entries: 512 (order: 3, 32768 bytes)
[    0.212095] pinctrl core: initialized pinctrl subsystem
[    0.216101] RTC time: 23:24:20, date: 03/11/23
[    0.218692] NET: Registered protocol family 16
[    0.220085] audit: initializing netlink subsys (disabled)
[    0.222296] audit: type=2000 audit(1678577065.036:1): state=initialized audit_enabled=0 res=1
[    0.224068] cpuidle: using governor ladder
[    0.228186] cpuidle: using governor menu
[    0.232117] ACPI: bus type PCI registered
[    0.232117] acpiphp: ACPI Hot Plug PCI Controller Driver version: 0.5
[    0.236018] PCI: Using configuration type 1 for base access
[    0.238523] PCI: Using configuration type 1 for extended access
[    0.244164] HugeTLB registered 2.00 MiB page size, pre-allocated 0 pages
[    0.248206] ACPI: Added _OSI(Module Device)
[    0.249935] ACPI: Added _OSI(Processor Device)
[    0.252065] ACPI: Added _OSI(3.0 _SCP Extensions)
[    0.254143] ACPI: Added _OSI(Processor Aggregator Device)
[    0.256003] ACPI: Added _OSI(Linux-Dell-Video)
[    0.257804] ACPI: Added _OSI(Linux-Lenovo-NV-HDMI-Audio)
[    0.260002] ACPI: Added _OSI(Linux-HPI-Hybrid-Graphics)
[    0.262554] ACPI: Executed 1 blocks of module-level executable AML code
[    0.268051] ACPI: Interpreter enabled
[    0.269550] ACPI: (supports S0 S5)
[    0.271484] ACPI: Using IOAPIC for interrupt routing
[    0.272232] PCI: Using host bridge windows from ACPI; if necessary, use "pci=nocrs" and report a bug
[    0.276126] ACPI: Enabled 2 GPEs in block 00 to 07
[    0.285328] ACPI: PCI Root Bridge [PCI0] (domain 0000 [bus 00-ff])
[    0.288006] acpi PNP0A03:00: _OSC: OS supports [ExtendedConfig ASPM ClockPM Segments MSI]
[    0.292481] acpi PNP0A03:00: _OSC: platform does not support [PCIeCapability]
[    0.296112] acpi PNP0A03:00: _OSC: not requesting control; platform does not support [PCIeCapability]
[    0.299642] acpi PNP0A03:00: _OSC: OS requested [PCIeHotplug PME AER PCIeCapability]
[    0.300003] acpi PNP0A03:00: _OSC: platform willing to grant [PCIeHotplug PME AER]
[    0.304002] acpi PNP0A03:00: _OSC failed (AE_SUPPORT); disabling ASPM
[    0.308373] PCI host bridge to bus 0000:00
[    0.310092] pci_bus 0000:00: root bus resource [io  0x0000-0x0cf7 window]
[    0.312004] pci_bus 0000:00: root bus resource [io  0x0d00-0xffff window]
[    0.316003] pci_bus 0000:00: root bus resource [mem 0x000a0000-0x000bffff window]
[    0.319104] pci_bus 0000:00: root bus resource [mem 0x80000000-0xfdffffff window]
[    0.320003] pci_bus 0000:00: root bus resource [bus 00-ff]
[    0.329782] pci 0000:00:01.1: legacy IDE quirk: reg 0x10: [io  0x01f0-0x01f7]
[    0.332002] pci 0000:00:01.1: legacy IDE quirk: reg 0x14: [io  0x03f6]
[    0.334676] pci 0000:00:01.1: legacy IDE quirk: reg 0x18: [io  0x0170-0x0177]
[    0.336002] pci 0000:00:01.1: legacy IDE quirk: reg 0x1c: [io  0x0376]
[    0.351549] pci 0000:00:07.0: quirk: [io  0x4000-0x403f] claimed by PIIX4 ACPI
[    0.352019] pci 0000:00:07.0: quirk: [io  0x4100-0x410f] claimed by PIIX4 SMB
[    0.363291] ACPI: PCI Interrupt Link [LNKA] (IRQs 5 9 10 *11)
[    0.364335] ACPI: PCI Interrupt Link [LNKB] (IRQs 5 9 *10 11)
[    0.368117] ACPI: PCI Interrupt Link [LNKC] (IRQs 5 *9 10 11)
[    0.370452] ACPI: PCI Interrupt Link [LNKD] (IRQs 5 9 10 *11)
[    0.372358] SCSI subsystem initialized
[    0.376219] pci 0000:00:02.0: vgaarb: setting as boot VGA device
[    0.378394] pci 0000:00:02.0: vgaarb: VGA device added: decodes=io+mem,owns=io+mem,locks=none
[    0.380004] pci 0000:00:02.0: vgaarb: bridge control possible
[    0.384001] vgaarb: loaded
[    0.385180] ACPI: bus type USB registered
[    0.386831] usbcore: registered new interface driver usbfs
[    0.388021] usbcore: registered new interface driver hub
[    0.390096] usbcore: registered new device driver usb
[    0.392103] EDAC MC: Ver: 3.0.0
[    0.396186] PCI: Using ACPI for IRQ routing
[    0.398315] NetLabel: Initializing
[    0.400002] NetLabel:  domain hash size = 128
[    0.401995] NetLabel:  protocols = UNLABELED CIPSOv4 CALIPSO
[    0.408024] NetLabel:  unlabeled traffic allowed by default
[    0.408177] clocksource: Switched to clocksource kvm-clock
[    0.425070] VFS: Disk quotas dquot_6.6.0
[    0.425070] VFS: Dquot-cache hash table entries: 512 (order 0, 4096 bytes)
[    0.425070] AppArmor: AppArmor Filesystem Enabled
[    0.425070] pnp: PnP ACPI init
[    0.425070] pnp: PnP ACPI: found 3 devices
[    0.466358] clocksource: acpi_pm: mask: 0xffffff max_cycles: 0xffffff, max_idle_ns: 2085701024 ns
[    0.468609] NET: Registered protocol family 2
[    0.468609] IP idents hash table entries: 32768 (order: 6, 262144 bytes)
[    0.475251] TCP established hash table entries: 16384 (order: 5, 131072 bytes)
[    0.478446] TCP bind hash table entries: 16384 (order: 6, 262144 bytes)
[    0.481389] TCP: Hash tables configured (established 16384 bind 16384)
[    0.482208] UDP hash table entries: 1024 (order: 3, 32768 bytes)
[    0.482208] UDP-Lite hash table entries: 1024 (order: 3, 32768 bytes)
[    0.482208] NET: Registered protocol family 1
[    0.482208] pci 0000:00:00.0: Limiting direct PCI/PCI transfers
[    0.482208] pci 0000:00:01.0: Activating ISA DMA hang workarounds
[    0.482208] pci 0000:00:02.0: Video device with shadowed ROM at [mem 0x000c0000-0x000dffff]
[    0.482208] Unpacking initramfs...
[    0.482208] Freeing initrd memory: 19532K
[    0.482208] clocksource: tsc: mask: 0xffffffffffffffff max_cycles: 0x6a777c9a54b, max_idle_ns: 881590710692 ns
[    0.482208] platform rtc_cmos: registered platform RTC device (no PNP device found)
[    0.482208] Scanning for low memory corruption every 60 seconds
[    0.751810] Initialise system trusted keyrings
[    0.754214] Key type blacklist registered
[    0.756791] workingset: timestamp_bits=36 max_order=19 bucket_order=0
[    0.760358] zbud: loaded
[    0.762706] squashfs: version 4.0 (2009/01/31) Phillip Lougher
[    0.765713] fuse init (API version 7.26)
[    0.788298] Key type asymmetric registered
[    0.789929] Asymmetric key parser 'x509' registered
[    0.792072] Block layer SCSI generic (bsg) driver version 0.4 loaded (major 246)
[    0.795518] io scheduler noop registered
[    0.797372] io scheduler deadline registered
[    0.799082] io scheduler cfq registered (default)
[    0.801490] ACPI: AC Adapter [AC] (on-line)
[    0.804735] input: Power Button as /devices/LNXSYSTM:00/LNXPWRBN:00/input/input0
[    0.807774] ACPI: Power Button [PWRF]
[    0.810019] input: Sleep Button as /devices/LNXSYSTM:00/LNXSLPBN:00/input/input1
[    0.813214] ACPI: Sleep Button [SLPF]
[    0.815580] Serial: 8250/16550 driver, 32 ports, IRQ sharing enabled
[    0.841803] 00:02: ttyS0 at I/O 0x3f8 (irq = 4, base_baud = 115200) is a 16550A
[    0.853756] Linux agpgart interface v0.103
[    0.859901] loop: module loaded
[    0.862855] scsi host0: ata_piix
[    0.864736] scsi host1: ata_piix
[    0.866176] ata1: PATA max UDMA/33 cmd 0x1f0 ctl 0x3f6 bmdma 0xd000 irq 14
[    0.869019] ata2: PATA max UDMA/33 cmd 0x170 ctl 0x376 bmdma 0xd008 irq 15
[    0.872012] tun: Universal TUN/TAP device driver, 1.6
[    0.875027] PPP generic driver version 2.4.2
[    0.877324] ehci_hcd: USB 2.0 'Enhanced' Host Controller (EHCI) Driver
[    0.880786] ehci-pci: EHCI PCI platform driver
[    0.882811] ehci-platform: EHCI generic platform driver
[    0.885105] ohci_hcd: USB 1.1 'Open' Host Controller (OHCI) Driver
[    0.887619] ohci-pci: OHCI PCI platform driver
[    0.889734] ohci-platform: OHCI generic platform driver
[    0.892160] uhci_hcd: USB Universal Host Controller Interface driver
[    0.894761] i8042: PNP: PS/2 Controller [PNP0303:PS2K,PNP0f03:PS2M] at 0x60,0x64 irq 1,12
[    0.899798] serio: i8042 KBD port at 0x60,0x64 irq 1
[    0.902071] serio: i8042 AUX port at 0x60,0x64 irq 12
[    0.904801] mousedev: PS/2 mouse device common for all mice
[    0.908196] input: AT Translated Set 2 keyboard as /devices/platform/i8042/serio0/input/input2
[    0.908750] rtc_cmos rtc_cmos: rtc core: registered rtc_cmos as rtc0
[    0.915348] rtc_cmos rtc_cmos: alarms up to one day, 114 bytes nvram
[    0.917925] i2c /dev entries driver
[    0.919499] device-mapper: uevent: version 1.0.3
[    0.921832] device-mapper: ioctl: 4.37.0-ioctl (2017-09-20) initialised: dm-devel@redhat.com
[    0.925431] ledtrig-cpu: registered to indicate activity on CPUs
[    0.928848] NET: Registered protocol family 10
[    0.935508] Segment Routing with IPv6
[    0.937109] NET: Registered protocol family 17
[    0.939128] Key type dns_resolver registered
[    0.941678] mce: Using 0 MCE banks
[    0.943502] RAS: Correctable Errors collector initialized.
[    0.946140] sched_clock: Marking stable (946087178, 0)->(1294250699, -348163521)
[    0.951063] registered taskstats version 1
[    0.953026] Loading compiled-in X.509 certificates
[    0.957797] Loaded X.509 cert 'Build time autogenerated kernel key: 4d405f87ce750406625b929cd2e51cc76ab5bcf4'
[    0.962353] Loaded X.509 cert 'Canonical Ltd. Live Patch Signing: 14df34d1a87cf37625abec039ef2bf521249b969'
[    0.966834] Loaded X.509 cert 'Canonical Ltd. Kernel Module Signing: 88f752e560a1e0737e31163a466ad7b70a850c19'
[    0.970951] blacklist: Loading compiled-in revocation X.509 certificates
[    0.973787] Loaded X.509 cert 'Canonical Ltd. Secure Boot Signing: 61482aa2830d0ab2ad5af10b7250da9033ddcef0'
[    0.978131] Loaded X.509 cert 'Canonical Ltd. Secure Boot Signing (2017): 242ade75ac4a15e50d50c84b0d45ff3eae707a03'
[    0.982755] Loaded X.509 cert 'Canonical Ltd. Secure Boot Signing (ESM 2018): 365188c1d374d6b07c3c8f240f8ef722433d6a8b'
[    0.987402] Loaded X.509 cert 'Canonical Ltd. Secure Boot Signing (2019): c0746fd6c5da3ae827864651ad66ae47fe24b3e8'
[    0.992247] Loaded X.509 cert 'Canonical Ltd. Secure Boot Signing (2021 v1): a8d54bbb3825cfb94fa13c9f8a594a195c107b8d'
[    0.996725] Loaded X.509 cert 'Canonical Ltd. Secure Boot Signing (2021 v2): 4cf046892d6fd3c9a5b03f98d845f90851dc6a8c'
[    1.001015] Loaded X.509 cert 'Canonical Ltd. Secure Boot Signing (2021 v3): 100437bb6de6e469b581e61cd66bce3ef4ed53af'
[    1.005984] Loaded X.509 cert 'Canonical Ltd. Secure Boot Signing (Ubuntu Core 2019): c1d57b8f6b743f23ee41f4f7ee292f06eecadfb9'
[    1.011644] zswap: loaded using pool lzo/zbud
[    1.018621] Key type big_key registered
[    1.020363] Key type trusted registered
[    1.024264] Key type encrypted registered
[    1.026002] AppArmor: AppArmor sha1 policy hashing enabled
[    1.028486] ima: No TPM chip found, activating TPM-bypass! (rc=-19)
[    1.031242] ima: Allocated hash algorithm: sha1
[    1.033338] evm: HMAC attrs: 0x1
[    1.035134]   Magic number: 15:622:453
[    1.050921] rtc_cmos rtc_cmos: setting system clock to 2023-03-11 23:24:21 UTC (1678577061)
[    1.069948] BIOS EDD facility v0.16 2004-Jun-25, 0 devices found
[    1.072817] EDD information not available.
[    1.076399] Freeing unused kernel image memory: 2480K
[    1.092619] Write protecting the kernel read-only data: 20480k
[    1.095830] Freeing unused kernel image memory: 2008K
[    1.098306] Freeing unused kernel image memory: 1820K
[    1.103754] x86/mm: Checked W+X mappings: passed, no W+X pages found.
Loading, please wait...
starting version 237
[    1.149907] e1000: Intel(R) PRO/1000 Network Driver - version 7.3.21-k8-NAPI
[    1.153239] e1000: Copyright (c) 1999-2006 Intel Corporation.
[    1.159833] Fusion MPT base driver 3.04.20
[    1.161897] Copyright (c) 1999-2008 LSI Corporation
[    1.178826] SSE version of gcm_enc/dec engaged.
[    1.190947] Fusion MPT SPI Host driver 3.04.20
[    1.579290] input: ImExPS/2 Generic Explorer Mouse as /devices/platform/i8042/serio1/input/input4
[    1.613239] e1000 0000:00:03.0 eth0: (PCI:33MHz:32-bit) 02:df:c2:d4:51:e3
[    1.616248] e1000 0000:00:03.0 eth0: Intel(R) PRO/1000 Network Connection
[    1.620502] mptbase: ioc0: Initiating bringup
[    1.738148] ioc0: LSI53C1030 A0: Capabilities={Initiator}
[    1.984480] scsi host2: ioc0: LSI53C1030 A0, FwRev=00000000h, Ports=1, MaxQ=256, IRQ=20
[    2.153874] scsi 2:0:0:0: Direct-Access     VBOX     HARDDISK         1.0  PQ: 0 ANSI: 5
[    2.197536] scsi target2:0:0: Beginning Domain Validation
[    2.208281] scsi target2:0:0: Domain Validation skipping write tests
[    2.210838] scsi target2:0:0: Ending Domain Validation
[    2.213484] scsi target2:0:0: asynchronous
[    2.216514] scsi 2:0:1:0: Direct-Access     VBOX     HARDDISK         1.0  PQ: 0 ANSI: 5
[    2.576106] scsi target2:0:1: Beginning Domain Validation
[    2.584982] scsi target2:0:1: Domain Validation skipping write tests
[    2.587949] scsi target2:0:1: Ending Domain Validation
[    2.590445] scsi target2:0:1: asynchronous
[    2.602222] sd 2:0:0:0: Attached scsi generic sg0 type 0
[    2.607643] sd 2:0:0:0: [sda] 83886080 512-byte logical blocks: (42.9 GB/40.0 GiB)
[    2.609094] sd 2:0:1:0: Attached scsi generic sg1 type 0
[    2.612894] sd 2:0:0:0: [sda] Write Protect is off
[    2.617853] sd 2:0:0:0: [sda] Incomplete mode parameter data
[    2.617873] sd 2:0:1:0: [sdb] 20480 512-byte logical blocks: (10.5 MB/10.0 MiB)
[    2.620134] sd 2:0:0:0: [sda] Assuming drive cache: write through
[    2.626483] sd 2:0:1:0: [sdb] Write Protect is off
[    2.629952] sd 2:0:1:0: [sdb] Incomplete mode parameter data
[    2.632317]  sda: sda1
[    2.632437] sd 2:0:1:0: [sdb] Assuming drive cache: write through
[    2.635154] sd 2:0:0:0: [sda] Attached SCSI disk
[    2.644864] sd 2:0:1:0: [sdb] Attached SCSI disk
[    2.672661] e1000 0000:00:08.0 eth1: (PCI:33MHz:32-bit) 08:00:27:a0:7b:c4
[    2.675451] e1000 0000:00:08.0 eth1: Intel(R) PRO/1000 Network Connection
[    2.679871] e1000 0000:00:08.0 enp0s8: renamed from eth1
[    2.704173] e1000 0000:00:03.0 enp0s3: renamed from eth0
Begin: Loading essential drivers ... [    4.440452] raid6: sse2x1   gen()  7288 MB/s
[    4.488459] raid6: sse2x1   xor() 11070 MB/s
[    4.536268] raid6: sse2x2   gen() 12692 MB/s
[    4.584311] raid6: sse2x2   xor() 14335 MB/s
[    4.632520] raid6: sse2x4   gen() 18668 MB/s
[    4.680557] raid6: sse2x4   xor() 11770 MB/s
[    4.682347] raid6: using algorithm sse2x4 gen() 18668 MB/s
[    4.685020] raid6: .... xor() 11770 MB/s, rmw enabled
[    4.687181] raid6: using ssse3x2 recovery algorithm
[    4.690403] xor: measuring software checksum speed
[    4.732251]    prefetch64-sse: 20056.000 MB/sec
[    4.772018]    generic_sse: 19705.000 MB/sec
[    4.773955] xor: using function: prefetch64-sse (20056.000 MB/sec)
[    4.777782] async_tx: api initialized (async)
done.
Begin: Running /scripts/init-premount ... done.
Begin: Mounting root file system ... Begin: Running /scripts/local-top ... done.
Begin: Running /scripts/local-premount ... [    4.813570] Btrfs loaded, crc32c=crc32c-intel
Scanning for Btrfs filesystems
done.
Warning: fsck not present, so skipping root file system
[    4.874291] EXT4-fs (sda1): mounted filesystem with ordered data mode. Opts: (null)
done.
Begin: Running /scripts/local-bottom ... done.
Begin: Running /scripts/init-bottom ... done.
[    5.183096] ip_tables: (C) 2000-2006 Netfilter Core Team
[    5.214220] systemd[1]: systemd 237 running in system mode. (+PAM +AUDIT +SELINUX +IMA +APPARMOR +SMACK +SYSVINIT +UTMP +LIBCRYPTSETUP +GCRYPT +GNUTLS +ACL +XZ +LZ4 +SECCOMP +BLKID +ELFUTILS +KMOD -IDN2 +IDN -PCRE2 default-hierarchy=hybrid)
[    5.223261] systemd[1]: Detected virtualization oracle.
[    5.225662] systemd[1]: Detected architecture x86-64.

Welcome to [1mUbuntu 18.04.6 LTS[0m!

[    5.250446] systemd[1]: Set hostname to <ubuntu>.
[    5.263524] systemd[1]: Initializing machine ID from random generator.
[    5.266313] systemd[1]: Installed transient /etc/machine-id file.
[    6.183091] systemd[1]: Reached target Swap.
[[0;32m  OK  [0m] Reached target Swap.
[    6.185964] systemd[1]: Started Forward Password Requests to Wall Directory Watch.
[[0;32m  OK  [0m] Started Forward Password Requests to Wall Directory Watch.
[    6.190168] systemd[1]: Reached target User and Group Name Lookups.
[[0;32m  OK  [0m] Reached target User and Group Name Lookups.
[    6.199084] systemd[1]: Created slice System Slice.
[[0;32m  OK  [0m] Created slice System Slice.
[[0;32m  OK  [0m] Created slice system-serial\x2dgetty.slice.
[[0;32m  OK  [0m] Listening on Syslog Socket.
[[0;32m  OK  [0m] Listening on Network Service Netlink Socket.
[[0;32m  OK  [0m] Listening on Device-mapper event daemon FIFOs.
[[0;32m  OK  [0m] Listening on fsck to fsckd communication Socket.
[[0;32m  OK  [0m] Listening on LVM2 metadata daemon socket.
[[0;32m  OK  [0m] Listening on udev Control Socket.
[[0;32m  OK  [0m] Listening on Journal Socket (/dev/log).
[[0;32m  OK  [0m] Listening on /dev/initctl Compatibility Named Pipe.
[[0;32m  OK  [0m] Listening on Journal Socket.
         Mounting Kernel Debug File System...
         Mounting Huge Pages File System...
         Starting Uncomplicated firewall...
         Starting Monitoring of LVM2 mirrors…ng dmeventd or progress polling...
         Starting Load Kernel Modules...
[[0;32m  OK  [0m] Listening on udev Kernel Socket.
         Starting udev Coldplug all Devices...
         Starting File System Check on Root Device...
         Starting Create list of required st…ce nodes for the current kernel...
[[0;32m  OK  [0m] Listening on LVM2 poll daemon socket.
         Starting Set the console keyboard layout...
         Mounting POSIX Message Queue File System...
[[0;32m  OK  [0m] Reached target Mounting snaps.
[[0;32m  OK  [0m] Reached target Mounted snaps.
[[0;32m  OK  [0m] Set up automount Arbitrary Executab…rmats File System Automount Point.
[    6.246343] Loading iSCSI transport class v2.0-870.
[    6.254123] iscsi: registered transport (tcp)
[    6.276319] iscsi: registered transport (iser)
[[0;32m  OK  [0m] Listening on Journal Audit Socket.
         Starting Journal Service...
[[0;32m  OK  [0m] Created slice User and Session Slice.
[[0;32m  OK  [0m] Reached target Slices.
[[0;32m  OK  [0m] Reached target System Time Synchronized.
[[0;32m  OK  [0m] Mounted Kernel Debug File System.
[[0;32m  OK  [0m] Mounted Huge Pages File System.
[[0;32m  OK  [0m] Started Uncomplicated firewall.
[[0;32m  OK  [0m] Started Load Kernel Modules.
[[0;32m  OK  [0m] Started Create list of required sta…vice nodes for the current kernel.
[[0;32m  OK  [0m] Mounted POSIX Message Queue File System.
[[0;32m  OK  [0m] Started File System Check Daemon to report status.
         Starting Create Static Device Nodes in /dev...
         Mounting Kernel Configuration File System...
         Mounting FUSE Control File System...
         Starting Apply Kernel Variables...
[[0;32m  OK  [0m] Mounted Kernel Configuration File System.
[[0;32m  OK  [0m] Mounted FUSE Control File System.
[[0;32m  OK  [0m] Started udev Coldplug all Devices.
[[0;32m  OK  [0m] Started Journal Service.
[[0;32m  OK  [0m] Started File System Check on Root Device.
         Starting Remount Root and Kernel File Systems...
[[0;32m  OK  [0m] Started LVM2 metadata daemon.
[[0;32m  OK  [0m] Started Create Static Device Nodes in /dev.
[[0;32m  OK  [0m] Started Apply Kernel Variables.
[[0;32m  OK  [0m] Started Remount Root and Kernel File Systems.
         Starting Load/Save Random Seed...
         Starting Flush Journal to Persistent Storage...
         Starting udev Kernel Device Manager...
[[0;32m  OK  [0m] Started Load/Save Random Seed.
[[0;32m  OK  [0m] Started Monitoring of LVM2 mirrors,…sing dmeventd or progress polling.
[[0;32m  OK  [0m] Started udev Kernel Device Manager.
[[0;32m  OK  [0m] Started Flush Journal to Persistent Storage.
[[0;32m  OK  [0m] Found device /dev/ttyS0.
[[0;32m  OK  [0m] Listening on Load/Save RF Kill Switch Status /dev/rfkill Watch.
[[0;32m  OK  [0m] Started Set the console keyboard layout.
[[0;32m  OK  [0m] Reached target Local File Systems (Pre).
[[0;32m  OK  [0m] Reached target Local File Systems.
         Starting Create Volatile Files and Directories...
         Starting Tell Plymouth To Write Out Runtime Data...
         Starting AppArmor initialization...
         Starting ebtables ruleset management...
         Starting Set console font and keymap...
         Starting Commit a transient machine-id on disk...
[[0;32m  OK  [0m] Started Dispatch Password Requests to Console Directory Watch.
[[0;32m  OK  [0m] Reached target Local Encrypted Volumes.
[[0;32m  OK  [0m] Started Create Volatile Files and Directories.
[[0;32m  OK  [0m] Started Tell Plymouth To Write Out Runtime Data.
         Mounting Arbitrary Executable File Formats File System...
         Starting Update UTMP about System Boot/Shutdown...
[[0;32m  OK  [0m] Started Set console font and keymap.
[[0;32m  OK  [0m] Started Update UTMP about System Boot/Shutdown.
[[0;32m  OK  [0m] Mounted Arbitrary Executable File Formats File System.
[[0;32m  OK  [0m] Started Commit a transient machine-id on disk.
[[0;32m  OK  [0m] Started ebtables ruleset management.
[[0;32m  OK  [0m] Started AppArmor initialization.
         Starting Initial cloud-init job (pre-networking)...
         Starting Load AppArmor profiles managed internally by snapd...
[[0;32m  OK  [0m] Started Load AppArmor profiles managed internally by snapd.
[    9.367086] cloud-init[570]: Cloud-init v. 22.4.2-0ubuntu0~18.04.1 running 'init-local' at Sat, 11 Mar 2023 23:24:29 +0000. Up 9.08 seconds.
[[0;32m  OK  [0m] Started Initial cloud-init job (pre-networking).
[[0;32m  OK  [0m] Reached target Network (Pre).
         Starting Network Service...
[[0;32m  OK  [0m] Started Network Service.
         Starting Network Name Resolution...
         Starting Wait for Network to be Configured...
[[0;32m  OK  [0m] Started Network Name Resolution.
[[0;32m  OK  [0m] Reached target Host and Network Name Lookups.
[[0;32m  OK  [0m] Reached target Network.
[[0;32m  OK  [0m] Started Wait for Network to be Configured.
         Starting Initial cloud-init job (metadata service crawler)...
[   11.836471] cloud-init[677]: Cloud-init v. 22.4.2-0ubuntu0~18.04.1 running 'init' at Sat, 11 Mar 2023 23:24:32 +0000. Up 11.75 seconds.
[   11.841104] cloud-init[677]: ci-info: ++++++++++++++++++++++++++++++++++++++Net device info+++++++++++++++++++++++++++++++++++++++
[   11.844298] cloud-init[677]: ci-info: +--------+-------+----------------------------+---------------+--------+-------------------+
[   11.847269] cloud-init[677]: ci-info: | Device |   Up  |          Address           |      Mask     | Scope  |     Hw-Address    |
[   11.850699] cloud-init[677]: ci-info: +--------+-------+----------------------------+---------------+--------+-------------------+
[   11.853833] cloud-init[677]: ci-info: | enp0s3 |  True |         10.0.2.15          | 255.255.255.0 | global | 02:df:c2:d4:51:e3 |
[   11.856723] cloud-init[677]: ci-info: | enp0s3 |  True | fe80::df:c2ff:fed4:51e3/64 |       .       |  link  | 02:df:c2:d4:51:e3 |
[   11.859762] cloud-init[677]: ci-info: | enp0s8 | False |             .              |       .       |   .    | 08:00:27:a0:7b:c4 |
[   11.863360] cloud-init[677]: ci-info: |   lo   |  True |         127.0.0.1          |   255.0.0.0   |  host  |         .         |
[   11.866502] cloud-init[677]: ci-info: |   lo   |  True |          ::1/128           |       .       |  host  |         .         |
[   11.869720] cloud-init[677]: ci-info: +--------+-------+----------------------------+---------------+--------+-------------------+
[   11.872826] cloud-init[677]: ci-info: ++++++++++++++++++++++++++++Route IPv4 info+++++++++++++++++++++++++++++
[   11.876616] cloud-init[677]: ci-info: +-------+-------------+----------+-----------------+-----------+-------+
[   11.878495] cloud-init[677]: ci-info: | Route | Destination | Gateway  |     Genmask     | Interface | Flags |
[   11.883492] cloud-init[677]: ci-info: +-------+-------------+----------+-----------------+-----------+-------+
[   11.886319] cloud-init[677]: ci-info: |   0   |   0.0.0.0   | 10.0.2.2 |     0.0.0.0     |   enp0s3  |   UG  |
[   11.888970] cloud-init[677]: ci-info: |   1   |   10.0.2.0  | 0.0.0.0  |  255.255.255.0  |   enp0s3  |   U   |
[   11.891528] cloud-init[677]: ci-info: |   2   |   10.0.2.2  | 0.0.0.0  | 255.255.255.255 |   enp0s3  |   UH  |
[   11.894349] cloud-init[677]: ci-info: +-------+-------------+----------+-----------------+-----------+-------+
[   11.897444] cloud-init[677]: ci-info: +++++++++++++++++++Route IPv6 info+++++++++++++++++++
[   11.900465] cloud-init[677]: ci-info: +-------+-------------+---------+-----------+-------+
[   11.903001] cloud-init[677]: ci-info: | Route | Destination | Gateway | Interface | Flags |
[   11.905799] cloud-init[677]: ci-info: +-------+-------------+---------+-----------+-------+
[   11.908372] cloud-init[677]: ci-info: |   1   |  fe80::/64  |    ::   |   enp0s3  |   U   |
[   11.910871] cloud-init[677]: ci-info: |   3   |    local    |    ::   |   enp0s3  |   U   |
[   11.913575] cloud-init[677]: ci-info: |   4   |   ff00::/8  |    ::   |   enp0s3  |   U   |
[   11.916508] cloud-init[677]: ci-info: +-------+-------------+---------+-----------+-------+
[   12.778971] cloud-init[677]: Generating public/private rsa key pair.
[   12.782913] cloud-init[677]: Your identification has been saved in /etc/ssh/ssh_host_rsa_key.
[   12.786519] cloud-init[677]: Your public key has been saved in /etc/ssh/ssh_host_rsa_key.pub.
[   12.790421] cloud-init[677]: The key fingerprint is:
[   12.793752] cloud-init[677]: SHA256:9HpALGFDFsBp5IQBgUFhewcrMUDZc1UbTdCVsz+UgMM root@ubuntu-bionic
[   12.797824] cloud-init[677]: The key's randomart image is:
[   12.801370] cloud-init[677]: +---[RSA 2048]----+
[   12.805725] cloud-init[677]: |X@=*++Oo.+*.o..  |
[   12.810070] cloud-init[677]: |o.==*+ +  oE +   |
[   12.813808] cloud-init[677]: | o ++.. +.  . + .|
[   12.817971] cloud-init[677]: |  o .  + .   . o |
[   12.821689] cloud-init[677]: |        S .   o  |
[   12.826063] cloud-init[677]: |         o     o |
[   12.829228] cloud-init[677]: |        . .     .|
[   12.832622] cloud-init[677]: |         .       |
[   12.834940] cloud-init[677]: |                 |
[   12.837583] cloud-init[677]: +----[SHA256]-----+
[   12.840097] cloud-init[677]: Generating public/private dsa key pair.
[   12.843593] cloud-init[677]: Your identification has been saved in /etc/ssh/ssh_host_dsa_key.
[   12.847264] cloud-init[677]: Your public key has been saved in /etc/ssh/ssh_host_dsa_key.pub.
[   12.851186] cloud-init[677]: The key fingerprint is:
[   12.853914] cloud-init[677]: SHA256:7FBvSKe1++JZ6TFh6cIE3UqjK76ACedUMoy+LPy0BaU root@ubuntu-bionic
[   12.856895] cloud-init[677]: The key's randomart image is:
[   12.859207] cloud-init[677]: +---[DSA 1024]----+
[   12.861687] cloud-init[677]: |                 |
[   12.863792] cloud-init[677]: | o       . .     |
[   12.866809] cloud-init[677]: |. + ..  + * .    |[[0;32m  OK  [0m] Started Initial cloud-init job (metadata service crawler).
[[0;32m  OK  [0m] Reached target Network is Online.

         Starting Availability of block devices...
[[0;32m  OK  [0m] Reached target Remote File Systems (Pre).
[[0;32m  OK  [0m] Reached target Remote File Systems.
[[0;32m  OK  [0m] Reached target System Initialization.
[[0;32m  OK  [0m] Listening on UUID daemon activation socket.
[[0;32m  OK  [0m] Started Daily Cleanup of Temporary Directories.
[[0;32m  OK  [0m] Listening on D-Bus System Message Bus Socket.
[[0;32m  OK  [0m] Started Daily apt download activities.
[   12.874870] cloud-init[677]: |.  +o  + X + .   |
         Starting LXD - unix socket.
[   12.886761] cloud-init[677]: [[0;32m  OK  [0m] Started ACPI Events Check.
         Starting Socket activation for snappy daemon.
[[0;32m  OK  [0m] Listening on cloud-init hotplug hook socket.
[[0;32m  OK  [0m] Started Discard unused blocks once a week.
[[0;32m  OK  [0m] Reached target Paths.
[[0;32m  OK  [0m] Listening on Open-iSCSI iscsid Socket.
[[0;32m  OK  [0m] Started Message of the Day.
[[0;32m  OK  [0m] Listening on ACPID Listen Socket.
[[0;32m  OK  [0m] Started Ubuntu Advantage Timer for running repeated jobs.
[[0;32m  OK  [0m] Started Daily apt upgrade and clean activities.
[[0;32m  OK  [0m] Reached target Timers.
[[0;32m  OK  [0m] Reached target Cloud-config availability.
[[0;32m  OK  [0m] Listening on LXD - unix socket.
[[0;32m  OK  [0m] Listening on Socket activation for snappy daemon.
[[0;32m  OK  [0m] Reached target Sockets.
[[0;32m  OK  [0m] Reached target Basic System.
         Starting Permit User Sessions...
|..oE  . S * +    |
[   12.902944] cloud-init[677]: |o=.o.  o = + o   |
[   12.905581] cloud-init[677]: |.++.... o + *    |
[   12.907912] cloud-init[677]: |. o oo .  .* o   |         Starting Login Service...

[[0;32m  OK  [0m] Started Deferred execution scheduler.
[   12.913027]          Starting LSB: Record successful boot for GRUB...
         Starting System Logging Service...
         Starting LSB: automatic crash report generation...
         Starting Pollinate to seed the pseudo random number generator...
[[0;32m  OK  [0m] Started D-Bus System Message Bus.
cloud-init[677]: |   o  o. .o.o    |
[   12.929618] cloud-init[677]: +----[SHA256]-----+
[   12.931578] cloud-init[677]: Generating public/private ecdsa key pair.
[   12.934027] cloud-init[677]: Your identification has been saved in /etc/ssh/ssh_host_ecdsa_key.
[   12.936741] cloud-init[677]: Your public key has been saved in /etc/ssh/ssh_host_ecdsa_key.pub.
[   12.939446] cloud-init[677]: The key fingerprint is:
[   12.944804] cloud-init[677]: SHA256:GWp7n+zlG8ElkWIjk/TjDf8XjYfyG3yedSogQwcxdr4 root@ubuntu-bionic
[   12.947785] cloud-init[677]: The key's randomart image is:
[   12.950414] cloud-init[677]: +---[ECDSA 256]---+
[   12.952633] cloud-init[677]: |       .=o. ..   |
[   12.954902] cloud-init[677]: |       .==+ ..   |
[   12.957196] cloud-init[677]: |        .==o. .  |
[   12.959420] cloud-init[677]: |       ..+.B o o.|
[   12.962095] cloud-init[677]: |      o.S.E * o.o|
[   12.964399] cloud-init[677]: |     . .o .  * ..|
[   12.966292] cloud-init[677]: |      . .o .o = =|
[   12.968882] cloud-init[677]: |       . o +.. B+|
[   12.970878] cloud-init[677]: |         .= ooo..|
[   12.973304] cloud-init[677]: +----[SHA256]-----+
[   12.975384] cloud-init[677]: Generating public/private ed25519 key pair.
[   12.977790] cloud-init[677]: Your identification has been saved in /etc/ssh/ssh_host_ed25519_key.
[   12.981143] cloud-init[677]: Your public key has been saved in /etc/ssh/ssh_host_ed25519_key.pub.
[   12.983931] cloud-init[677]: The key fingerprint is:
[   12.986311] cloud-init[677]: SHA256:jCCc/QDyV/ocCft2ZkO33gswBvNAWzHcNUunwRzjZDI root@ubuntu-bionic
[   12.989204] cloud-init[677]: The key's randomart image is:
[   12.991666] cloud-init[677]: +--[ED25519 256]--+
[   12.993779] cloud-init[677]: |. . . o.+oE+X..  |
[   12.996312] cloud-init[677]: | + + * +...BoB   |
[   12.998386] cloud-init[677]: |  = B B . . +    |
[   13.000500] cloud-init[677]: |   o B X . .     |
[   13.002641] cloud-init[677]: |      B S .      |
[   13.004944] cloud-init[677]: |     . = = .     |
[   13.007116] cloud-init[677]: |          o .    |
[   13.009766] cloud-init[677]: |           . .   |
[   13.012282] cloud-init[677]: |            .    |
[   13.014512] cloud-init[677]: +----[SHA256]-----+
[[0;32m  OK  [0m] Started irqbalance daemon.
         Starting LXD - container startup/shutdown...
         Starting Virtualbox guest utils...
[[0;32m  OK  [0m] Reached target Login Prompts (Pre).
[[0;32m  OK  [0m] Started Regular background program processing daemon.
[[0;32m  OK  [0m] Started FUSE filesystem for LXC.
         Starting Dispatcher daemon for systemd-networkd...
         Starting Accounts Service...
         Starting Snap Daemon...
[[0;32m  OK  [0m] Started System Logging Service.
[[0;32m  OK  [0m] Started Availability of block devices.
[[0;32m  OK  [0m] Started Permit User Sessions.
[[0;32m  OK  [0m] Started Login Service.
[[0;32m  OK  [0m] Started Unattended Upgrades Shutdown.
         Starting Terminate Plymouth Boot Screen...
         Starting Hold until boot process finishes up...
[[0;32m  OK  [0m] Started Hold until boot process finishes up.
         Starting Set console scheme...
[[0;32m  OK  [0m] Started Serial Getty on ttyS0.
[[0;32m  OK  [0m] Started Terminate Plymouth Boot Screen.
[[0;32m  OK  [0m] Started Set console scheme.
[[0;32m  OK  [0m] Created slice system-getty.slice.
[[0;32m  OK  [0m] Started Getty on tty1.
[[0;32m  OK  [0m] Reached target Login Prompts.
         Starting Authorization Manager...
[[0;32m  OK  [0m] Started LSB: automatic crash report generation.
[[0;32m  OK  [0m] Started LSB: Record successful boot for GRUB.
[[0;32m  OK  [0m] Started Authorization Manager.
[[0;32m  OK  [0m] Started Accounts Service.
[[0;32m  OK  [0m] Started Virtualbox guest utils.
[[0;32m  OK  [0m] Started LXD - container startup/shutdown.
[[0;32m  OK  [0m] Started Dispatcher daemon for systemd-networkd.
[[0;32m  OK  [0m] Started Snap Daemon.
         Starting Wait until snapd is fully seeded...
[[0;32m  OK  [0m] Started Pollinate to seed the pseudo random number generator.
         Starting OpenBSD Secure Shell server...
[[0;32m  OK  [0m] Started OpenBSD Secure Shell server.
[[0;32m  OK  [0m] Created slice User Slice of vagrant.
         Starting User Manager for UID 1000...
[[0;32m  OK  [0m] Started Session 1 of user vagrant.
         Starting Time & Date Service...
[[0;32m  OK  [0m] Started User Manager for UID 1000.
[[0;32m  OK  [0m] Started Time & Date Service.
[[0;32m  OK  [0m] Started Wait until snapd is fully seeded.
         Starting Apply the settings specified in cloud-config...
[   17.508911] cloud-init[1399]: Cloud-init v. 22.4.2-0ubuntu0~18.04.1 running 'modules:config' at Sat, 11 Mar 2023 23:24:37 +0000. Up 16.71 seconds.
[[0;32m  OK  [0m] Started Apply the settings specified in cloud-config.
[[0;32m  OK  [0m] Reached target Multi-User System.
[[0;32m  OK  [0m] Reached target Graphical Interface.
         Starting Execute cloud user/final scripts...
         Starting Update UTMP about System Runlevel Changes...
[[0;32m  OK  [0m] Started Update UTMP about System Runlevel Changes.
ci-info: no authorized SSH keys fingerprints found for user ubuntu.
<14>Mar 11 23:24:38 cloud-init: #############################################################
<14>Mar 11 23:24:38 cloud-init: -----BEGIN SSH HOST KEY FINGERPRINTS-----
<14>Mar 11 23:24:38 cloud-init: 1024 SHA256:7FBvSKe1++JZ6TFh6cIE3UqjK76ACedUMoy+LPy0BaU root@ubuntu-bionic (DSA)
<14>Mar 11 23:24:38 cloud-init: 256 SHA256:GWp7n+zlG8ElkWIjk/TjDf8XjYfyG3yedSogQwcxdr4 root@ubuntu-bionic (ECDSA)
<14>Mar 11 23:24:38 cloud-init: 256 SHA256:jCCc/QDyV/ocCft2ZkO33gswBvNAWzHcNUunwRzjZDI root@ubuntu-bionic (ED25519)
<14>Mar 11 23:24:38 cloud-init: 2048 SHA256:9HpALGFDFsBp5IQBgUFhewcrMUDZc1UbTdCVsz+UgMM root@ubuntu-bionic (RSA)
<14>Mar 11 23:24:38 cloud-init: -----END SSH HOST KEY FINGERPRINTS-----
<14>Mar 11 23:24:38 cloud-init: #############################################################
-----BEGIN SSH HOST KEY KEYS-----
ecdsa-sha2-nistp256 AAAAE2VjZHNhLXNoYTItbmlzdHAyNTYAAAAIbmlzdHAyNTYAAABBBGp8WH58X9icLh6qq4y7igyRorXflmWwBacwW1AkqRMOat0XAI/uPw8Vh5WKMi3nJi5BByjfyyxY2Hs4jr10UYE= root@ubuntu-bionic
ssh-ed25519 AAAAC3NzaC1lZDI1NTE5AAAAIGYYq3EimCeW1not1OiR+dGZrBqoVYMO84F0GilDxsty root@ubuntu-bionic
ssh-rsa AAAAB3NzaC1yc2EAAAADAQABAAABAQDPpczE5HJJILWvPVEVPVyJUW+BhTE1zJpAAjlXJ/m27zAzIr7GdSi+v86rxqJ0IbyQF1aVF/7QekvSqm+FwL6jC+BJM6lOCFrhJhqIAaY8IgG1lGWuXXdIAUosllnp4B1bBIhP7ytp60Rujx7fVW7kbaIwcpfJu7fbBe0JZ5nFLyPcudtZQAMGbIz/REeammcSWUX2SMXMLjRrvA17QKOZa9mfEikFUo6s1iOnJi6s31reh9Im6IH/7NItmftzk9LTaJwBcYhDJYb0H47XyDjwWRGPnor6hpnWFKl3au7ibdM2uaeAgsMQRfAsmGVozpgwnV8K4JFTHZsLrE0fkCfF root@ubuntu-bionic
-----END SSH HOST KEY KEYS-----
[   18.035440] cloud-init[1484]: Cloud-init v. 22.4.2-0ubuntu0~18.04.1 running 'modules:final' at Sat, 11 Mar 2023 23:24:38 +0000. Up 17.89 seconds.
[   18.041181] cloud-init[1484]: Cloud-init v. 22.4.2-0ubuntu0~18.04.1 finished at Sat, 11 Mar 2023 23:24:38 +0000. Datasource DataSourceNoCloud [seed=/dev/sdb][dsmode=net].  Up 18.03 seconds
[[0;32m  OK  [0m] Started Execute cloud user/final scripts.
[[0;32m  OK  [0m] Reached target Cloud-init target.

Ubuntu 18.04.6 LTS ubuntu-bionic ttyS0

ubuntu-bionic login: 